[ 2018/10/20 PM 20:18:24  ] [ 2018/10/20 PM 20:18:27  ] HAIPMI-UT-04.tas [ Failed ] 
[ 2018/10/20 PM 20:23:58  ] [ 2018/10/20 PM 20:24:21  ] HAIPMI-UT-04.tas [ Passed ] 
[ 2018/10/20 PM 20:34:25  ] [ 2018/10/20 PM 20:34:35  ] HAIPMI-UT-04.tas [ Failed ] 
[ 2018/10/20 PM 20:49:25  ] [ 2018/10/20 PM 20:49:36  ] show_details_cluster.tas [ Passed ] 
[ 2018/10/20 PM 20:55:54  ] [ 2018/10/20 PM 20:56:11  ] HAIPMI-UT-04.tas [ Passed ] 
[ 2018/10/20 PM 20:56:20  ] [ 2018/10/20 PM 20:56:31  ] show_details_cluster.tas [ Passed ] 
[ 2018/10/20 PM 20:56:38  ] [ 2018/10/20 PM 20:56:52  ] delete_cluster.tas [ Passed ] 
[ 2018/10/20 PM 21:03:41  ] [ 2018/10/20 PM 21:03:58  ] HAIPMI-UT-04.tas [ Passed ] 
[ 2018/10/20 PM 21:03:59  ] [ 2018/10/20 PM 21:04:10  ] show_details_cluster.tas [ Passed ] 
[ 2018/10/20 PM 21:04:11  ] [ 2018/10/20 PM 21:04:24  ] delete_cluster.tas [ Passed ] 
[ 2018/10/20 PM 22:31:00  ] [ 2018/10/20 PM 22:34:17  ] shutoff_nodes.tas [ Passed ] 
[ 2018/10/20 PM 22:34:36  ] [ 2018/10/20 PM 22:37:49  ] start_nodes.tas [ Passed ] 
[ 2018/10/20 PM 22:38:19  ] [ 2018/10/20 PM 22:41:37  ] reboot_nodes.tas [ Passed ] 
[ 2018/10/21 PM 13:35:00  ] [ 2018/10/21 PM 13:35:28  ] open_openstack.tas [ Failed ] 
[ 2018/10/21 PM 13:38:23  ] [ 2018/10/21 PM 13:38:27  ] open_openstack.tas [ Skipped ] 
[ 2018/10/21 PM 13:39:21  ] [ 2018/10/21 PM 13:39:29  ] open_openstack.tas [ Passed ] 
[ 2018/10/21 PM 13:44:29  ] [ 2018/10/21 PM 13:44:51  ] open_openstack.tas [ Passed ] 
[ 2018/10/21 PM 13:46:29  ] [ 2018/10/21 PM 13:46:32  ] close_openstack.tas [ Passed ] 
[ 2018/10/21 PM 15:44:42  ] [ 2018/10/21 PM 15:44:58  ] open_openstack.tas [ Passed ] 
[ 2018/10/21 PM 15:44:59  ] [ 2018/10/21 PM 15:45:17  ] create_cluster.tas [ Passed ] 
[ 2018/10/21 PM 15:45:18  ] [ 2018/10/21 PM 15:45:29  ] show_details_cluster.tas [ Passed ] 
[ 2018/10/21 PM 15:45:30  ] [ 2018/10/21 PM 15:45:44  ] delete_cluster.tas [ Passed ] 
[ 2018/10/21 PM 15:45:45  ] [ 2018/10/21 PM 15:45:55  ] add_nodes_to_cluster.tas [ Failed ] 
[ 2018/10/21 PM 15:45:56  ] [ 2018/10/21 PM 15:46:03  ] remove_nodes_from_cluster.tas [ Failed ] 
[ 2018/10/21 PM 15:46:04  ] [ 2018/10/21 PM 15:46:09  ] shutoff_nodes.tas [ Failed ] 
[ 2018/10/21 PM 15:46:10  ] [ 2018/10/21 PM 15:46:15  ] start_nodes.tas [ Failed ] 
[ 2018/10/21 PM 15:46:16  ] [ 2018/10/21 PM 15:46:21  ] reboot_nodes.tas [ Failed ] 
[ 2018/10/21 PM 15:46:22  ] [ 2018/10/21 PM 15:46:25  ] close_openstack.tas [ Passed ] 
[ 2018/10/21 PM 15:47:41  ] [ 2018/10/21 PM 15:47:57  ] open_openstack.tas [ Passed ] 
[ 2018/10/21 PM 15:47:57  ] [ 2018/10/21 PM 15:48:14  ] create_cluster.tas [ Passed ] 
[ 2018/10/21 PM 15:48:15  ] [ 2018/10/21 PM 15:48:27  ] show_details_cluster.tas [ Passed ] 
[ 2018/10/21 PM 15:48:27  ] [ 2018/10/21 PM 15:48:45  ] add_nodes_to_cluster.tas [ Failed ] 
[ 2018/10/21 PM 15:48:45  ] [ 2018/10/21 PM 15:48:53  ] remove_nodes_from_cluster.tas [ Failed ] 
[ 2018/10/21 PM 15:48:54  ] [ 2018/10/21 PM 15:48:59  ] delete_cluster.tas [ Failed ] 
[ 2018/10/21 PM 15:49:00  ] [ 2018/10/21 PM 15:49:05  ] shutoff_nodes.tas [ Failed ] 
[ 2018/10/21 PM 15:49:05  ] [ 2018/10/21 PM 15:49:11  ] start_nodes.tas [ Failed ] 
[ 2018/10/21 PM 15:49:11  ] [ 2018/10/21 PM 15:49:16  ] reboot_nodes.tas [ Failed ] 
[ 2018/10/21 PM 15:49:17  ] [ 2018/10/21 PM 15:49:20  ] close_openstack.tas [ Passed ] 
[ 2018/10/21 PM 16:05:30  ] [ 2018/10/21 PM 16:05:46  ] open_openstack.tas [ Passed ] 
[ 2018/10/21 PM 16:05:53  ] [ 2018/10/21 PM 16:05:55  ] close_openstack.tas [ Passed ] 
[ 2018/10/21 PM 16:06:02  ] [ 2018/10/21 PM 16:06:04  ] close_openstack.tas [ Passed ] 
[ 2018/10/21 PM 16:14:37  ] [ 2018/10/21 PM 16:14:57  ] open_openstack.tas [ Passed ] 
[ 2018/10/21 PM 16:14:58  ] [ 2018/10/21 PM 16:15:09  ] create_cluster.tas [ Failed ] 
[ 2018/10/21 PM 16:15:10  ] [ 2018/10/21 PM 16:15:17  ] show_details_cluster.tas [ Failed ] 
[ 2018/10/21 PM 16:15:18  ] [ 2018/10/21 PM 16:15:23  ] add_nodes_to_cluster.tas [ Failed ] 
[ 2018/10/21 PM 16:15:24  ] [ 2018/10/21 PM 16:15:29  ] remove_nodes_from_cluster.tas [ Failed ] 
[ 2018/10/21 PM 16:15:30  ] [ 2018/10/21 PM 16:15:35  ] delete_cluster.tas [ Failed ] 
[ 2018/10/21 PM 16:15:36  ] [ 2018/10/21 PM 16:15:41  ] shutoff_nodes.tas [ Failed ] 
[ 2018/10/21 PM 16:15:42  ] [ 2018/10/21 PM 16:15:47  ] start_nodes.tas [ Failed ] 
[ 2018/10/21 PM 16:15:48  ] [ 2018/10/21 PM 16:15:53  ] reboot_nodes.tas [ Failed ] 
[ 2018/10/21 PM 16:15:54  ] [ 2018/10/21 PM 16:15:56  ] close_openstack.tas [ Passed ] 
[ 2018/10/21 PM 16:16:33  ] [ 2018/10/21 PM 16:16:51  ] open_openstack.tas [ Passed ] 
[ 2018/10/21 PM 16:16:54  ] [ 2018/10/21 PM 16:17:11  ] create_cluster.tas [ Passed ] 
[ 2018/10/21 PM 16:17:12  ] [ 2018/10/21 PM 16:17:24  ] show_details_cluster.tas [ Passed ] 
[ 2018/10/21 PM 16:17:25  ] [ 2018/10/21 PM 16:17:42  ] add_nodes_to_cluster.tas [ Failed ] 
[ 2018/10/21 PM 16:17:43  ] [ 2018/10/21 PM 16:17:51  ] remove_nodes_from_cluster.tas [ Failed ] 
[ 2018/10/21 PM 16:17:51  ] [ 2018/10/21 PM 16:17:56  ] delete_cluster.tas [ Failed ] 
[ 2018/10/21 PM 16:17:57  ] [ 2018/10/21 PM 16:18:02  ] shutoff_nodes.tas [ Failed ] 
[ 2018/10/21 PM 16:18:03  ] [ 2018/10/21 PM 16:18:08  ] start_nodes.tas [ Failed ] 
[ 2018/10/21 PM 16:18:09  ] [ 2018/10/21 PM 16:18:14  ] reboot_nodes.tas [ Failed ] 
[ 2018/10/21 PM 16:18:15  ] [ 2018/10/21 PM 16:18:17  ] close_openstack.tas [ Passed ] 
[ 2018/10/21 PM 16:29:53  ] [ 2018/10/21 PM 16:30:04  ] open_openstack.tas [ Skipped ] 
[ 2018/10/21 PM 16:30:15  ] [ 2018/10/21 PM 16:30:31  ] add_nodes_to_cluster.tas [ Failed ] 
[ 2018/10/21 PM 16:34:25  ] [ 2018/10/21 PM 16:34:46  ] add_nodes_to_cluster.tas [ Passed ] 
[ 2018/10/21 PM 16:35:02  ] [ 2018/10/21 PM 16:35:22  ] remove_nodes_from_cluster.tas [ Passed ] 
[ 2018/10/21 PM 18:30:30  ] [ 2018/10/21 PM 18:38:50  ] reboot_nodes.tas [ Failed ] 
[ 2018/10/21 PM 18:46:22  ] [ 2018/10/21 PM 18:54:44  ] reboot_nodes.tas [ Passed ] 
[ 2018/10/22 AM 00:43:20  ] [ 2018/10/22 AM 00:43:36  ] open_openstack.tas [ Passed ] 
[ 2018/10/22 AM 00:43:37  ] [ 2018/10/22 AM 00:43:46  ] create_cluster.tas [ Skipped ] 
[ 2018/10/22 AM 00:45:47  ] [ 2018/10/22 AM 00:46:03  ] open_openstack.tas [ Passed ] 
[ 2018/10/22 AM 00:46:04  ] [ 2018/10/22 AM 00:46:21  ] create_cluster.tas [ Passed ] 
[ 2018/10/22 AM 00:46:22  ] [ 2018/10/22 AM 00:46:33  ] show_details_cluster.tas [ Passed ] 
[ 2018/10/22 AM 00:46:34  ] [ 2018/10/22 AM 00:46:55  ] add_nodes_to_cluster.tas [ Passed ] 
[ 2018/10/22 AM 00:46:56  ] [ 2018/10/22 AM 00:47:16  ] remove_nodes_from_cluster.tas [ Passed ] 
[ 2018/10/22 AM 00:47:16  ] [ 2018/10/22 AM 00:47:30  ] delete_cluster.tas [ Passed ] 
[ 2018/10/22 AM 00:47:31  ] [ 2018/10/22 AM 00:51:11  ] shutoff_nodes.tas [ Passed ] 
[ 2018/10/22 AM 00:51:12  ] [ 2018/10/22 AM 00:57:29  ] start_nodes.tas [ Passed ] 
[ 2018/10/22 AM 00:57:30  ] [ 2018/10/22 AM 01:05:53  ] reboot_nodes.tas [ Passed ] 
[ 2018/10/22 AM 01:05:54  ] [ 2018/10/22 AM 01:05:56  ] close_openstack.tas [ Passed ] 
[ 2018/10/22 AM 01:59:09  ] [ 2018/10/22 AM 01:59:10  ] open_cmd.tas [ Finished ] 
[ 2018/10/22 PM 13:25:15  ] [ 2018/10/22 PM 13:25:16  ] open_cmd.tas [ Finished ] 
[ 2018/10/22 PM 13:26:15  ] [ 2018/10/22 PM 13:26:15  ] open_cmd.tas [ Finished ] 
[ 2018/10/22 PM 13:26:54  ] [ 2018/10/22 PM 13:26:56  ] open_cmd.tas [ Finished ] 
[ 2018/10/22 PM 13:52:14  ] [ 2018/10/22 PM 13:52:16  ] open_cmd.tas [ Finished ] 
[ 2018/10/22 PM 13:52:17  ] [ 2018/10/22 PM 13:52:38  ] create_cluster.tas [ Failed ] 
[ 2018/10/22 PM 13:52:39  ] [ 2018/10/22 PM 13:52:46  ] show_details_cluster.tas [ Failed ] 
[ 2018/10/22 PM 13:52:47  ] [ 2018/10/22 PM 13:52:52  ] add_nodes_to_cluster.tas [ Failed ] 
[ 2018/10/22 PM 13:52:53  ] [ 2018/10/22 PM 13:52:59  ] remove_nodes_from_cluster.tas [ Skipped ] 
[ 2018/10/22 PM 13:53:09  ] [ 2018/10/22 PM 13:53:11  ] open_cmd.tas [ Finished ] 
[ 2018/10/22 PM 13:53:12  ] [ 2018/10/22 PM 13:53:28  ] create_cluster.tas [ Failed ] 
[ 2018/10/22 PM 13:53:29  ] [ 2018/10/22 PM 13:53:35  ] show_details_cluster.tas [ Skipped ] 
[ 2018/10/22 PM 13:56:37  ] [ 2018/10/22 PM 13:57:02  ] create_cluster.tas [ Passed ] 
[ 2018/10/22 PM 13:57:41  ] [ 2018/10/22 PM 13:57:53  ] show_details_cluster.tas [ Passed ] 
[ 2018/10/22 PM 14:01:43  ] [ 2018/10/22 PM 14:01:50  ] remove_nodes_from_cluster.tas [ Skipped ] 
[ 2018/10/22 PM 14:01:55  ] [ 2018/10/22 PM 14:02:15  ] remove_nodes_from_cluster.tas [ Passed ] 
[ 2018/10/22 PM 14:11:04  ] [ 2018/10/22 PM 14:11:05  ] open_cmd.tas [ Finished ] 
[ 2018/10/22 PM 14:11:06  ] [ 2018/10/22 PM 14:11:17  ] create_cluster.tas [ Failed ] 
[ 2018/10/22 PM 14:11:17  ] [ 2018/10/22 PM 14:11:25  ] show_details_cluster.tas [ Failed ] 
[ 2018/10/22 PM 14:11:26  ] [ 2018/10/22 PM 14:11:31  ] add_nodes_to_cluster.tas [ Failed ] 
[ 2018/10/22 PM 14:11:31  ] [ 2018/10/22 PM 14:11:40  ] remove_nodes_from_cluster.tas [ Skipped ] 
[ 2018/10/22 PM 14:35:22  ] [ 2018/10/22 PM 14:35:23  ] open_cmd.tas [ Finished ] 
[ 2018/10/22 PM 14:35:24  ] [ 2018/10/22 PM 14:35:43  ] create_cluster.tas [ Passed ] 
[ 2018/10/22 PM 14:35:43  ] [ 2018/10/22 PM 14:35:55  ] show_details_cluster.tas [ Passed ] 
[ 2018/10/22 PM 14:35:56  ] [ 2018/10/22 PM 14:36:11  ] add_nodes_to_cluster.tas [ Failed ] 
[ 2018/10/22 PM 14:35:56  ] [ 2018/10/22 PM 14:36:11  ] add_nodes_to_cluster.tas [ Skipped ] 
[ 2018/10/22 PM 15:01:19  ] [ 2018/10/22 PM 15:01:19  ] open_cmd.tas [ Finished ] 
[ 2018/10/22 PM 15:01:20  ] [ 2018/10/22 PM 15:01:37  ] create_cluster.tas [ Failed ] 
[ 2018/10/22 PM 15:01:38  ] [ 2018/10/22 PM 15:01:45  ] show_details_cluster.tas [ Failed ] 
[ 2018/10/22 PM 15:01:46  ] [ 2018/10/22 PM 15:01:51  ] add_nodes_to_cluster.tas [ Failed ] 
[ 2018/10/22 PM 15:01:52  ] [ 2018/10/22 PM 15:01:57  ] remove_nodes_from_cluster.tas [ Failed ] 
[ 2018/10/22 PM 15:01:57  ] [ 2018/10/22 PM 15:02:02  ] delete_cluster.tas [ Failed ] 
[ 2018/10/22 PM 15:02:03  ] [ 2018/10/22 PM 15:02:08  ] shutoff_nodes.tas [ Failed ] 
[ 2018/10/22 PM 15:02:08  ] [ 2018/10/22 PM 15:02:14  ] start_nodes.tas [ Skipped ] 
[ 2018/10/22 PM 15:02:27  ] [ 2018/10/22 PM 15:02:27  ] open_cmd.tas [ Finished ] 
[ 2018/10/22 PM 15:02:28  ] [ 2018/10/22 PM 15:02:44  ] create_cluster.tas [ Failed ] 
[ 2018/10/22 PM 15:02:45  ] [ 2018/10/22 PM 15:02:53  ] show_details_cluster.tas [ Failed ] 
[ 2018/10/22 PM 15:02:53  ] [ 2018/10/22 PM 15:02:59  ] add_nodes_to_cluster.tas [ Failed ] 
[ 2018/10/22 PM 15:02:59  ] [ 2018/10/22 PM 15:03:04  ] remove_nodes_from_cluster.tas [ Failed ] 
[ 2018/10/22 PM 15:03:05  ] [ 2018/10/22 PM 15:03:12  ] delete_cluster.tas [ Skipped ] 
[ 2018/10/22 PM 15:13:30  ] [ 2018/10/22 PM 15:13:35  ] create_cluster.tas [ Failed ] 
[ 2018/10/22 PM 15:13:48  ] [ 2018/10/22 PM 15:14:04  ] create_cluster.tas [ Failed ] 
[ 2018/10/22 PM 15:14:40  ] [ 2018/10/22 PM 15:15:05  ] create_cluster.tas [ Failed ] 
[ 2018/10/22 PM 16:04:54  ] [ 2018/10/22 PM 16:05:17  ] open_openstack.tas [ Skipped ] 
[ 2018/10/22 PM 16:06:27  ] [ 2018/10/22 PM 16:06:56  ] open_openstack.tas [ Failed ] 
[ 2018/10/22 PM 16:07:29  ] [ 2018/10/22 PM 16:07:35  ] open_openstack.tas [ Skipped ] 
[ 2018/10/22 PM 16:10:04  ] [ 2018/10/22 PM 16:10:20  ] open_openstack.tas [ Passed ] 
[ 2018/10/23 PM 21:33:45  ] [ 2018/10/23 PM 21:33:45  ] open_openstack.tas [ Finished ] 
[ 2018/10/23 PM 21:35:22  ] [ 2018/10/23 PM 21:35:30  ] open_openstack.tas [ Finished ] 
[ 2018/10/23 PM 21:37:18  ] [ 2018/10/23 PM 21:37:26  ] open_openstack.tas [ Finished ] 
[ 2018/10/23 PM 21:39:14  ] [ 2018/10/23 PM 21:39:24  ] open_openstack.tas [ Finished ] 
[ 2018/10/23 PM 21:57:04  ] [ 2018/10/23 PM 21:57:06  ] close_openstack.tas [ Finished ] 
[ 2018/10/23 PM 22:13:44  ] [ 2018/10/23 PM 22:13:54  ] open_openstack.tas [ Finished ] 
[ 2018/10/23 PM 22:13:55  ] [ 2018/10/23 PM 22:14:00  ] create_cluster.tas [ Failed ] 
[ 2018/10/23 PM 22:14:01  ] [ 2018/10/23 PM 22:14:06  ] show_details_cluster.tas [ Failed ] 
[ 2018/10/23 PM 22:14:07  ] [ 2018/10/23 PM 22:14:12  ] add_nodes_to_cluster.tas [ Failed ] 
[ 2018/10/23 PM 22:14:12  ] [ 2018/10/23 PM 22:14:24  ] remove_nodes_from_cluster.tas [ Failed ] 
[ 2018/10/23 PM 22:14:24  ] [ 2018/10/23 PM 22:14:32  ] delete_cluster.tas [ Failed ] 
[ 2018/10/23 PM 22:14:33  ] [ 2018/10/23 PM 22:14:36  ] shutoff_nodes.tas [ Skipped ] 
[ 2018/10/23 PM 22:19:30  ] [ 2018/10/23 PM 22:19:44  ] open_openstack.tas [ Finished ] 
[ 2018/10/23 PM 22:19:45  ] [ 2018/10/23 PM 22:19:50  ] create_cluster.tas [ Failed ] 
[ 2018/10/23 PM 22:19:51  ] [ 2018/10/23 PM 22:19:56  ] show_details_cluster.tas [ Failed ] 
[ 2018/10/23 PM 22:19:57  ] [ 2018/10/23 PM 22:20:01  ] add_nodes_to_cluster.tas [ Failed ] 
[ 2018/10/23 PM 22:20:02  ] [ 2018/10/23 PM 22:20:07  ] remove_nodes_from_cluster.tas [ Failed ] 
[ 2018/10/23 PM 22:20:08  ] [ 2018/10/23 PM 22:20:13  ] delete_cluster.tas [ Failed ] 
[ 2018/10/23 PM 22:20:14  ] [ 2018/10/23 PM 22:20:19  ] shutoff_nodes.tas [ Failed ] 
[ 2018/10/23 PM 22:20:19  ] [ 2018/10/23 PM 22:20:24  ] start_nodes.tas [ Failed ] 
[ 2018/10/23 PM 22:20:25  ] [ 2018/10/23 PM 22:20:30  ] reboot_nodes.tas [ Failed ] 
[ 2018/10/23 PM 22:20:31  ] [ 2018/10/23 PM 22:20:33  ] close_openstack.tas [ Finished ] 
[ 2018/10/23 PM 22:26:09  ] [ 2018/10/23 PM 22:26:28  ] open_openstack.tas [ Finished ] 
[ 2018/10/23 PM 22:26:29  ] [ 2018/10/23 PM 22:26:52  ] create_cluster.tas [ Passed ] 
[ 2018/10/23 PM 22:26:53  ] [ 2018/10/23 PM 22:27:05  ] show_details_cluster.tas [ Passed ] 
[ 2018/10/23 PM 22:27:05  ] [ 2018/10/23 PM 22:27:21  ] add_nodes_to_cluster.tas [ Failed ] 
[ 2018/10/23 PM 22:27:22  ] [ 2018/10/23 PM 22:27:30  ] remove_nodes_from_cluster.tas [ Failed ] 
[ 2018/10/23 PM 22:27:30  ] [ 2018/10/23 PM 22:27:36  ] delete_cluster.tas [ Failed ] 
[ 2018/10/23 PM 22:27:36  ] [ 2018/10/23 PM 22:27:41  ] shutoff_nodes.tas [ Failed ] 
[ 2018/10/23 PM 22:27:42  ] [ 2018/10/23 PM 22:27:47  ] start_nodes.tas [ Failed ] 
[ 2018/10/23 PM 22:27:48  ] [ 2018/10/23 PM 22:27:52  ] reboot_nodes.tas [ Failed ] 
[ 2018/10/23 PM 22:27:53  ] [ 2018/10/23 PM 22:27:55  ] close_openstack.tas [ Finished ] 
[ 2018/10/23 PM 23:03:09  ] [ 2018/10/23 PM 23:03:28  ] open_openstack.tas [ Finished ] 
[ 2018/10/23 PM 23:03:28  ] [ 2018/10/23 PM 23:03:39  ] create_cluster.tas [ Failed ] 
[ 2018/10/23 PM 23:03:28  ] [ 2018/10/23 PM 23:03:39  ] create_cluster.tas [ Skipped ] 
[ 2018/10/23 PM 23:03:57  ] [ 2018/10/23 PM 23:04:16  ] open_openstack.tas [ Finished ] 
[ 2018/10/23 PM 23:04:16  ] [ 2018/10/23 PM 23:04:39  ] create_cluster.tas [ Passed ] 
[ 2018/10/23 PM 23:04:40  ] [ 2018/10/23 PM 23:04:52  ] show_details_cluster.tas [ Passed ] 
[ 2018/10/23 PM 23:04:52  ] [ 2018/10/23 PM 23:05:16  ] add_nodes_to_cluster.tas [ Passed ] 
[ 2018/10/23 PM 23:05:17  ] [ 2018/10/23 PM 23:05:38  ] remove_nodes_from_cluster.tas [ Passed ] 
[ 2018/10/23 PM 23:05:39  ] [ 2018/10/23 PM 23:05:54  ] delete_cluster.tas [ Passed ] 
[ 2018/10/23 PM 23:05:54  ] [ 2018/10/23 PM 23:09:25  ] shutoff_nodes.tas [ Passed ] 
[ 2018/10/23 PM 23:09:25  ] [ 2018/10/23 PM 23:15:41  ] start_nodes.tas [ Failed ] 
[ 2018/10/23 PM 23:15:41  ] [ 2018/10/23 PM 23:15:49  ] reboot_nodes.tas [ Failed ] 
[ 2018/10/23 PM 23:15:50  ] [ 2018/10/23 PM 23:15:52  ] close_openstack.tas [ Finished ] 
[ 2018/10/24 AM 00:28:05  ] [ 2018/10/24 AM 00:28:24  ] open_openstack.tas [ Finished ] 
[ 2018/10/24 AM 00:28:24  ] [ 2018/10/24 AM 00:28:44  ] create_cluster.tas [ Failed ] 
[ 2018/10/24 AM 00:28:45  ] [ 2018/10/24 AM 00:28:53  ] show_details_cluster.tas [ Failed ] 
[ 2018/10/24 AM 00:28:54  ] [ 2018/10/24 AM 00:28:59  ] add_nodes_to_cluster.tas [ Failed ] 
[ 2018/10/24 AM 00:28:59  ] [ 2018/10/24 AM 00:29:04  ] remove_nodes_from_cluster.tas [ Failed ] 
[ 2018/10/24 AM 00:29:05  ] [ 2018/10/24 AM 00:29:10  ] delete_cluster.tas [ Failed ] 
[ 2018/10/24 AM 00:29:11  ] [ 2018/10/24 AM 00:29:15  ] shutoff_nodes.tas [ Failed ] 
[ 2018/10/24 AM 00:29:16  ] [ 2018/10/24 AM 00:29:21  ] start_nodes.tas [ Failed ] 
[ 2018/10/24 AM 00:29:22  ] [ 2018/10/24 AM 00:29:27  ] reboot_nodes.tas [ Failed ] 
[ 2018/10/24 AM 00:29:28  ] [ 2018/10/24 AM 00:29:30  ] close_openstack.tas [ Finished ] 
[ 2018/10/24 AM 00:36:06  ] [ 2018/10/24 AM 00:36:24  ] open_openstack.tas [ Finished ] 
[ 2018/10/24 AM 00:36:25  ] [ 2018/10/24 AM 00:36:58  ] create_cluster.tas [ Passed ] 
[ 2018/10/24 AM 00:36:59  ] [ 2018/10/24 AM 00:37:26  ] show_details_cluster.tas [ Passed ] 
[ 2018/10/24 AM 00:37:27  ] [ 2018/10/24 AM 00:37:50  ] add_nodes_to_cluster.tas [ Passed ] 
[ 2018/10/24 AM 00:37:51  ] [ 2018/10/24 AM 00:38:12  ] remove_nodes_from_cluster.tas [ Passed ] 
[ 2018/10/24 AM 00:38:13  ] [ 2018/10/24 AM 00:38:23  ] delete_cluster.tas [ Failed ] 
[ 2018/10/24 AM 00:38:24  ] [ 2018/10/24 AM 00:42:05  ] shutoff_nodes.tas [ Passed ] 
[ 2018/10/24 AM 00:42:06  ] [ 2018/10/24 AM 00:42:16  ] start_nodes.tas [ Failed ] 
[ 2018/10/24 AM 00:42:17  ] [ 2018/10/24 AM 00:42:23  ] reboot_nodes.tas [ Failed ] 
[ 2018/10/24 AM 00:42:23  ] [ 2018/10/24 AM 00:42:25  ] close_openstack.tas [ Finished ] 
[ 2018/10/24 AM 00:51:09  ] [ 2018/10/24 AM 00:52:20  ] create_cluster.tas [ Skipped ] 
[ 2018/10/24 AM 00:53:57  ] [ 2018/10/24 AM 00:55:16  ] create_cluster.tas [ Failed ] 
[ 2018/10/24 AM 01:18:26  ] [ 2018/10/24 AM 01:18:45  ] open_openstack.tas [ Finished ] 
[ 2018/10/24 AM 01:18:46  ] [ 2018/10/24 AM 01:19:06  ] create_cluster.tas [ Passed ] 
[ 2018/10/24 AM 01:19:07  ] [ 2018/10/24 AM 01:19:27  ] show_details_cluster.tas [ Passed ] 
[ 2018/10/24 AM 01:19:27  ] [ 2018/10/24 AM 01:19:38  ] add_nodes_to_cluster.tas [ Failed ] 
[ 2018/10/24 AM 01:19:38  ] [ 2018/10/24 AM 01:20:27  ] remove_nodes_from_cluster.tas [ Skipped ] 
[ 2018/10/27 PM 14:35:56  ] [ 2018/10/27 PM 14:36:02  ] open_openstack.tas [ Skipped ] 
[ 2018/10/27 PM 14:41:27  ] [ 2018/10/27 PM 14:41:59  ] open_openstack.tas [ Skipped ] 
[ 2018/10/27 PM 14:43:27  ] [ 2018/10/27 PM 14:44:00  ] open_openstack.tas [ Finished ] 
[ 2018/10/27 PM 14:44:36  ] [ 2018/10/27 PM 14:45:09  ] open_openstack.tas [ Finished ] 
[ 2018/10/27 PM 14:51:15  ] [ 2018/10/27 PM 14:51:48  ] open_openstack.tas [ Finished ] 
[ 2018/10/27 PM 14:51:49  ] [ 2018/10/27 PM 14:51:57  ] close_openstack.tas [ Passed ] 
[ 2018/10/27 PM 14:53:59  ] [ 2018/10/27 PM 14:54:32  ] open_openstack.tas [ Finished ] 
[ 2018/10/27 PM 14:54:32  ] [ 2018/10/27 PM 14:54:40  ] close_openstack.tas [ Passed ] 
[ 2018/10/27 PM 14:55:04  ] [ 2018/10/27 PM 14:55:37  ] open_openstack.tas [ Finished ] 
[ 2018/10/27 PM 15:02:15  ] [ 2018/10/27 PM 15:02:47  ] open_openstack.tas [ Skipped ] 
[ 2018/10/27 PM 15:03:46  ] [ 2018/10/27 PM 15:04:20  ] open_openstack.tas [ Skipped ] 
[ 2018/10/27 PM 15:05:02  ] [ 2018/10/27 PM 15:05:43  ] open_openstack.tas [ Skipped ] 
[ 2018/10/27 PM 15:07:56  ] [ 2018/10/27 PM 15:08:23  ] open_openstack.tas [ Passed ] 
[ 2018/10/27 PM 15:10:48  ] [ 2018/10/27 PM 15:11:15  ] open_openstack.tas [ Passed ] 
[ 2018/10/27 PM 15:11:16  ] [ 2018/10/27 PM 15:11:27  ] create_cluster.tas [ Skipped ] 
[ 2018/10/28 PM 20:19:52  ] [ 2018/10/28 PM 20:20:15  ] open_openstack.tas [ Skipped ] 
[ 2018/10/28 PM 20:21:19  ] [ 2018/10/28 PM 20:21:43  ] create_cluster.tas [ Passed ] 
[ 2018/10/28 PM 20:21:44  ] [ 2018/10/28 PM 20:22:00  ] show_details_cluster.tas [ Passed ] 
[ 2018/10/28 PM 20:22:01  ] [ 2018/10/28 PM 20:22:27  ] add_nodes_to_cluster.tas [ Passed ] 
[ 2018/10/28 PM 20:22:29  ] [ 2018/10/28 PM 20:22:50  ] remove_nodes_from_cluster.tas [ Passed ] 
[ 2018/10/28 PM 20:22:51  ] [ 2018/10/28 PM 20:23:11  ] delete_cluster.tas [ Passed ] 
[ 2018/10/28 PM 20:23:12  ] [ 2018/10/28 PM 20:23:22  ] close_openstack.tas [ Passed ] 
[ 2018/10/28 PM 20:24:02  ] [ 2018/10/28 PM 20:24:34  ] open_openstack.tas [ Passed ] 
[ 2018/11/11 PM 19:16:20  ] [ 2018/11/11 PM 19:16:54  ] open_openstack.tas [ Passed ] 
[ 2018/11/11 PM 19:25:13  ] [ 2018/11/11 PM 19:25:30  ] close_openstack.tas [ Skipped ] 
[ 2018/11/11 PM 19:25:54  ] [ 2018/11/11 PM 19:26:04  ] close_openstack.tas [ Passed ] 
[ 2018/11/11 PM 19:46:50  ] [ 2018/11/11 PM 19:47:21  ] open_openstack.tas [ Passed ] 
[ 2018/11/11 PM 20:06:00  ] [ 2018/11/11 PM 20:06:17  ] create_cluster.tas [ Skipped ] 
[ 2018/11/11 PM 20:06:33  ] [ 2018/11/11 PM 20:06:58  ] create_cluster.tas [ Passed ] 
[ 2018/11/11 PM 20:27:25  ] [ 2018/11/11 PM 20:27:49  ] add_nodes_to_cluster.tas [ Failed ] 
[ 2018/11/11 PM 20:30:37  ] [ 2018/11/11 PM 20:30:57  ] delete_cluster.tas [ Passed ] 
[ 2018/11/11 PM 20:31:31  ] [ 2018/11/11 PM 20:31:54  ] add_nodes_to_cluster.tas [ Failed ] 
[ 2018/11/11 PM 20:33:30  ] [ 2018/11/11 PM 20:33:51  ] add_nodes_to_cluster.tas [ Failed ] 
[ 2018/11/11 PM 20:38:04  ] [ 2018/11/11 PM 20:38:26  ] add_nodes_to_cluster.tas [ Failed ] 
[ 2018/11/11 PM 20:45:06  ] [ 2018/11/11 PM 20:45:30  ] add_nodes_to_cluster.tas [ Failed ] 
[ 2018/11/11 PM 20:51:09  ] [ 2018/11/11 PM 20:51:45  ] add_nodes_to_cluster.tas [ Passed ] 
[ 2018/11/11 PM 20:58:17  ] [ 2018/11/11 PM 20:58:23  ] add_nodes_to_cluster.tas [ Skipped ] 
[ 2018/11/11 PM 20:58:36  ] [ 2018/11/11 PM 20:59:14  ] add_nodes_to_cluster.tas [ Passed ] 
[ 2018/11/11 PM 20:59:34  ] [ 2018/11/11 PM 21:00:05  ] remove_nodes_from_cluster.tas [ Passed ] 
[ 2018/11/11 PM 21:36:30  ] [ 2018/11/11 PM 21:36:53  ] add_instance.tas [ Failed ] 
[ 2018/11/11 PM 21:42:58  ] [ 2018/11/11 PM 21:44:30  ] add_instance.tas [ Failed ] 
[ 2018/11/11 PM 21:55:37  ] [ 2018/11/11 PM 21:57:05  ] add_instance.tas [ Failed ] 
[ 2018/11/11 PM 22:00:45  ] [ 2018/11/11 PM 22:02:11  ] add_instance.tas [ Failed ] 
[ 2018/11/11 PM 22:04:42  ] [ 2018/11/11 PM 22:04:49  ] add_instance.tas [ Skipped ] 
[ 2018/11/11 PM 22:04:58  ] [ 2018/11/11 PM 22:06:19  ] add_instance.tas [ Failed ] 
[ 2018/11/11 PM 22:08:24  ] [ 2018/11/11 PM 22:10:13  ] add_instance.tas [ Failed ] 
[ 2018/11/11 PM 22:13:59  ] [ 2018/11/11 PM 22:17:15  ] add_instance.tas [ Failed ] 
[ 2018/11/11 PM 22:20:39  ] [ 2018/11/11 PM 22:23:54  ] add_instance.tas [ Skipped ] 
[ 2018/11/11 PM 23:05:44  ] [ 2018/11/11 PM 23:06:14  ] open_openstack.tas [ Passed ] 
[ 2018/11/11 PM 23:06:15  ] [ 2018/11/11 PM 23:06:42  ] create_cluster.tas [ Passed ] 
[ 2018/11/11 PM 23:06:43  ] [ 2018/11/11 PM 23:07:20  ] add_nodes_to_cluster.tas [ Passed ] 
[ 2018/11/11 PM 23:07:21  ] [ 2018/11/11 PM 23:10:38  ] add_instance.tas [ Failed ] 
[ 2018/11/11 PM 23:10:39  ] [ 2018/11/11 PM 23:10:47  ] go_to_instance.tas [ Skipped ] 
[ 2018/11/11 PM 23:14:50  ] [ 2018/11/11 PM 23:17:06  ] add_instance.tas [ Passed ] 
[ 2018/11/11 PM 23:23:38  ] [ 2018/11/11 PM 23:26:08  ] add_instance.tas [ Failed ] 
[ 2018/11/11 PM 23:27:25  ] [ 2018/11/11 PM 23:29:50  ] add_instance.tas [ Failed ] 
[ 2018/11/11 PM 23:36:25  ] [ 2018/11/11 PM 23:38:55  ] add_instance.tas [ Failed ] 
[ 2018/11/11 PM 23:41:32  ] [ 2018/11/11 PM 23:43:58  ] add_instance.tas [ Passed ] 
[ 2018/11/11 PM 23:46:14  ] [ 2018/11/11 PM 23:46:25  ] remove_instance.tas [ Failed ] 
[ 2018/11/11 PM 23:50:29  ] [ 2018/11/11 PM 23:50:40  ] remove_instance.tas [ Passed ] 
[ 2018/11/11 PM 23:51:33  ] [ 2018/11/11 PM 23:51:43  ] open_openstack.tas [ Skipped ] 
[ 2018/11/11 PM 23:52:19  ] [ 2018/11/11 PM 23:52:47  ] open_openstack.tas [ Passed ] 
[ 2018/11/11 PM 23:52:48  ] [ 2018/11/11 PM 23:53:13  ] create_cluster.tas [ Passed ] 
[ 2018/11/11 PM 23:53:14  ] [ 2018/11/11 PM 23:53:49  ] add_nodes_to_cluster.tas [ Passed ] 
[ 2018/11/11 PM 23:53:50  ] [ 2018/11/11 PM 23:56:42  ] add_instance.tas [ Failed ] 
[ 2018/11/11 PM 23:56:43  ] [ 2018/11/11 PM 23:56:51  ] go_to_instance.tas [ Failed ] 
[ 2018/11/11 PM 23:56:52  ] [ 2018/11/11 PM 23:57:18  ] remove_instance.tas [ Failed ] 
[ 2018/11/11 PM 23:57:19  ] [ 2018/11/11 PM 23:57:44  ] remove_instance.tas [ Failed ] 
[ 2018/11/11 PM 23:57:45  ] [ 2018/11/11 PM 23:58:11  ] remove_instance.tas [ Failed ] 
[ 2018/11/11 PM 23:58:12  ] [ 2018/11/11 PM 23:58:38  ] remove_instance.tas [ Failed ] 
[ 2018/11/11 PM 23:58:39  ] [ 2018/11/11 PM 23:58:48  ] remove_instance.tas [ Skipped ] 
[ 2018/11/12 AM 00:04:44  ] [ 2018/11/12 AM 00:05:17  ] open_openstack.tas [ Passed ] 
[ 2018/11/12 AM 00:05:18  ] [ 2018/11/12 AM 00:05:43  ] create_cluster.tas [ Passed ] 
[ 2018/11/12 AM 00:05:44  ] [ 2018/11/12 AM 00:06:21  ] add_nodes_to_cluster.tas [ Passed ] 
[ 2018/11/12 AM 00:06:23  ] [ 2018/11/12 AM 00:09:41  ] add_instance.tas [ Skipped ] 
[ 2018/11/12 AM 00:12:58  ] [ 2018/11/12 AM 00:13:32  ] open_openstack.tas [ Passed ] 
[ 2018/11/12 AM 00:13:33  ] [ 2018/11/12 AM 00:13:57  ] create_cluster.tas [ Passed ] 
[ 2018/11/12 AM 00:13:58  ] [ 2018/11/12 AM 00:14:37  ] add_nodes_to_cluster.tas [ Passed ] 
[ 2018/11/12 AM 00:14:38  ] [ 2018/11/12 AM 00:18:13  ] add_instance.tas [ Skipped ] 
[ 2018/11/12 AM 00:19:45  ] [ 2018/11/12 AM 00:20:19  ] open_openstack.tas [ Passed ] 
[ 2018/11/12 AM 00:20:20  ] [ 2018/11/12 AM 00:20:44  ] create_cluster.tas [ Passed ] 
[ 2018/11/12 AM 00:20:45  ] [ 2018/11/12 AM 00:21:22  ] add_nodes_to_cluster.tas [ Passed ] 
[ 2018/11/12 AM 00:21:23  ] [ 2018/11/12 AM 00:24:03  ] add_instance.tas [ Passed ] 
[ 2018/11/12 AM 00:24:04  ] [ 2018/11/12 AM 00:24:11  ] go_to_instance.tas [ Passed ] 
[ 2018/11/12 AM 00:24:12  ] [ 2018/11/12 AM 00:24:26  ] remove_instance.tas [ Passed ] 
[ 2018/11/12 AM 00:24:27  ] [ 2018/11/12 AM 00:24:42  ] remove_instance.tas [ Passed ] 
[ 2018/11/12 AM 00:24:43  ] [ 2018/11/12 AM 00:25:11  ] remove_instance.tas [ Failed ] 
[ 2018/11/12 AM 00:25:12  ] [ 2018/11/12 AM 00:25:38  ] remove_instance.tas [ Failed ] 
[ 2018/11/12 AM 00:25:38  ] [ 2018/11/12 AM 00:26:04  ] remove_instance.tas [ Failed ] 
[ 2018/11/12 AM 00:26:05  ] [ 2018/11/12 AM 00:26:31  ] remove_instance.tas [ Failed ] 
[ 2018/11/12 AM 00:26:32  ] [ 2018/11/12 AM 00:26:33  ] back_home.tas [ Skipped ] 
[ 2018/11/12 AM 00:30:24  ] [ 2018/11/12 AM 00:30:38  ] remove_instance.tas [ Passed ] 
[ 2018/11/12 AM 00:32:04  ] [ 2018/11/12 AM 00:32:39  ] open_openstack.tas [ Passed ] 
[ 2018/11/12 AM 00:32:40  ] [ 2018/11/12 AM 00:33:06  ] create_cluster.tas [ Passed ] 
[ 2018/11/12 AM 00:33:07  ] [ 2018/11/12 AM 00:33:44  ] add_nodes_to_cluster.tas [ Passed ] 
[ 2018/11/12 AM 00:33:45  ] [ 2018/11/12 AM 00:36:27  ] add_instance.tas [ Passed ] 
[ 2018/11/12 AM 00:36:28  ] [ 2018/11/12 AM 00:36:34  ] go_to_instance.tas [ Passed ] 
[ 2018/11/12 AM 00:36:35  ] [ 2018/11/12 AM 00:36:48  ] remove_instance.tas [ Passed ] 
[ 2018/11/12 AM 00:36:49  ] [ 2018/11/12 AM 00:37:00  ] remove_instance.tas [ Passed ] 
[ 2018/11/12 AM 00:37:01  ] [ 2018/11/12 AM 00:37:12  ] remove_instance.tas [ Passed ] 
[ 2018/11/12 AM 00:37:01  ] [ 2018/11/12 AM 00:37:13  ] remove_instance.tas [ Skipped ] 
[ 2018/11/12 AM 00:38:58  ] [ 2018/11/12 AM 00:39:07  ] remove_instance.tas [ Passed ] 
